43487994: Ad setup beginning.
43487994: Campaign 120216999006560558 created.
43487994: Ad set 120216999006620558 created.
43487994: Creative 2178254129260691 created.
43487994: Ad 120216999007120558 created.
43487994: Creative 960369278931586 created.
43487994: Ad 120216999008620558 created.
43487994: Ad set 120216999009840558 created.
43487994: Creative 620789300432741 created.
43487994: Ad 120216999010500558 created.
43487994: Creative 579345934901914 created.
43487994: Ad 120216999012800558 created.
43487994: Campaign 120216999012980558 created.
43487994: Ad set 120216999013070558 created.
43487994: Creative 1170948687882955 created.
43487994: Ad 120216999015360558 created.
43487994: Creative 1136215184572164 created.
43487994: Ad 120216999018100558 created.
43487994: Ad set 120216999020840558 created.
43487994: Creative 585595894277754 created.
43487994: Ad 120216999025200558 created.
43487994: Creative 1505594966774063 created.
43487994: Ad 120216999027770558 created.
43487994: Ad setup complete
22137677: Interpreter beginning.
22137677: Ad set 120216999020840558 status updated to active
22137677: Ad set 120216999020840558 daily budget updated to 1000
21852221: Interpreter beginning.
21852221: Ad set 120216999009840558 daily budget updated to 750
21852221: Ad set 120216999006620558 daily budget updated to 750
16541173: Ad setup from csv beginning.
16541173: Campaign 120216999582710558 created.
16541173: Ad set 120216999582760558 created.
16541173: Creative 1602483693990590 created.
16541173: Ad 120216999583460558 created.
16541173: Campaign 120216999583850558 created.
16541173: Ad set 120216999584310558 created.
16541173: Creative 582513717981235 created.
16541173: Ad 120216999585800558 created.
16541173: Ad set 120216999586910558 created.
16541173: Creative 1656296588298348 created.
16541173: Ad 120216999587120558 created.
16541173: Campaign 120216999587180558 created.
16541173: Ad set 120216999587220558 created.
16541173: Creative 2103500656733679 created.
16541173: Ad 120216999589420558 created.
16541173: Creative 2090368344803949 created.
16541173: Ad 120216999589950558 created.
16541173: Creative 591902800355348 created.
16541173: Ad 120216999590810558 created.
16541173: Creative 472028992423204 created.
16541173: Ad 120216999592600558 created.
16541173: Creative 1119549419959810 created.
16541173: Ad 120216999593030558 created.
16541173: Creative 643821124969316 created.
16541173: Ad 120216999595460558 created.
16541173: Creative 590748820378958 created.
16541173: Ad 120216999596590558 created.
16541173: Creative 1307443367068721 created.
16541173: Ad 120216999597890558 created.
16541173: Creative 639382182086341 created.
16541173: Ad 120216999599580558 created.
16541173: Campaign 120216999600820558 created.
16541173: Ad set 120216999600910558 created.
16541173: Creative 970016748416691 created.
16541173: Ad 120216999601710558 created.
16541173: Creative 614854077567244 created.
16541173: Ad 120216999602450558 created.
16541173: Creative 601469025826743 created.
16541173: Ad 120216999604170558 created.
16541173: Creative 1354372689321695 created.
16541173: Ad 120216999605370558 created.
16541173: Ad set 120216999606550558 created.
16541173: Creative 1126453162259745 created.
16541173: Ad 120216999606750558 created.
16541173: Creative 1377298030382160 created.
16541173: Ad 120216999607570558 created.
16541173: Creative 1122389825731107 created.
16541173: Ad 120216999608860558 created.
16541173: Ad setup from csv complete
16991456: Product set creation beginning.
16991456: Product Set 'My Product Set' created with ID: 1499663070730438
16991456: Product set creation end.
